[0.025s] Invoking command in '/home/victory/Robot-Operating-System/cpp_ws/build/msg_pub_sub_simple_node': CMAKE_PREFIX_PATH=/opt/ros/humble /home/linuxbrew/.linuxbrew/bin/cmake --build /home/victory/Robot-Operating-System/cpp_ws/build/msg_pub_sub_simple_node -- -j4 -l4
[0.074s] [ 50%] [32mBuilding CXX object CMakeFiles/greetings_node.dir/src/greetings_node.cpp.o[0m
[3.321s] [01m[K/home/victory/Robot-Operating-System/cpp_ws/src/msg_pub_sub_simple_node/src/greetings_node.cpp:41:59:[m[K [01;31m[Kerror: [m[Kâ€˜[01m[KSharedptr[m[Kâ€™ in â€˜[01m[Kclass rclcpp::Publisher<std_msgs::msg::String_<std::allocator<void> > >[m[Kâ€™ does not name a type
[3.321s]    41 |                 rclcpp::Publisher<std_msgs::msg::String>::[01;31m[KSharedptr[m[K publisher_;
[3.321s]       |                                                           [01;31m[K^~~~~~~~~[m[K
[3.330s] [01m[K/home/victory/Robot-Operating-System/cpp_ws/src/msg_pub_sub_simple_node/src/greetings_node.cpp:[m[K In constructor â€˜[01m[KGreetingsNode::GreetingsNode()[m[Kâ€™:
[3.330s] [01m[K/home/victory/Robot-Operating-System/cpp_ws/src/msg_pub_sub_simple_node/src/greetings_node.cpp:26:25:[m[K [01;31m[Kerror: [m[Kâ€˜[01m[Kpublisher_[m[Kâ€™ was not declared in this scope; did you mean â€˜[01m[Krmw_publisher_t[m[Kâ€™?
[3.330s]    26 |                         [01;31m[Kpublisher_[m[K = this->create_publisher<std_msgs::msg::String>("messages", 10);
[3.330s]       |                         [01;31m[K^~~~~~~~~~[m[K
[3.330s]       |                         [32m[Krmw_publisher_t[m[K
[3.352s] [01m[K/home/victory/Robot-Operating-System/cpp_ws/src/msg_pub_sub_simple_node/src/greetings_node.cpp:[m[K In member function â€˜[01m[Kvoid GreetingsNode::timer_callback()[m[Kâ€™:
[3.352s] [01m[K/home/victory/Robot-Operating-System/cpp_ws/src/msg_pub_sub_simple_node/src/greetings_node.cpp:35:40:[m[K [01;31m[Kerror: [m[Kâ€˜[01m[Kstd_msgs_msg[m[Kâ€™ has not been declared
[3.352s]    35 |                         auto message = [01;31m[Kstd_msgs_msg[m[K::String();
[3.352s]       |                                        [01;31m[K^~~~~~~~~~~~[m[K
[3.364s] [01m[K/home/victory/Robot-Operating-System/cpp_ws/src/msg_pub_sub_simple_node/src/greetings_node.cpp:38:25:[m[K [01;31m[Kerror: [m[Kâ€˜[01m[Kpublisher_[m[Kâ€™ was not declared in this scope; did you mean â€˜[01m[Krmw_publisher_t[m[Kâ€™?
[3.365s]    38 |                         [01;31m[Kpublisher_[m[K->publish(message);
[3.365s]       |                         [01;31m[K^~~~~~~~~~[m[K
[3.365s]       |                         [32m[Krmw_publisher_t[m[K
[4.345s] gmake[2]: *** [CMakeFiles/greetings_node.dir/build.make:76: CMakeFiles/greetings_node.dir/src/greetings_node.cpp.o] Error 1
[4.345s] gmake[1]: *** [CMakeFiles/Makefile2:137: CMakeFiles/greetings_node.dir/all] Error 2
[4.345s] gmake: *** [Makefile:146: all] Error 2
[4.348s] Invoked command in '/home/victory/Robot-Operating-System/cpp_ws/build/msg_pub_sub_simple_node' returned '2': CMAKE_PREFIX_PATH=/opt/ros/humble /home/linuxbrew/.linuxbrew/bin/cmake --build /home/victory/Robot-Operating-System/cpp_ws/build/msg_pub_sub_simple_node -- -j4 -l4
