[0.291s] Invoking command in '/home/victory/Robot-Operating-System/cpp_ws/build/cpp_parameters': CMAKE_PREFIX_PATH=${CMAKE_PREFIX_PATH}:/opt/ros/humble /home/linuxbrew/.linuxbrew/bin/cmake /home/victory/Robot-Operating-System/cpp_ws/src/cpp_parameters -DCMAKE_INSTALL_PREFIX=/home/victory/Robot-Operating-System/cpp_ws/install/cpp_parameters
[2.124s] -- The C compiler identification is GNU 11.4.0
[4.089s] -- The CXX compiler identification is GNU 11.4.0
[5.566s] -- Detecting C compiler ABI info
[6.213s] -- Detecting C compiler ABI info - done
[6.235s] -- Check for working C compiler: /usr/bin/cc - skipped
[6.236s] -- Detecting C compile features
[6.251s] -- Detecting C compile features - done
[6.281s] -- Detecting CXX compiler ABI info
[6.661s] -- Detecting CXX compiler ABI info - done
[6.690s] -- Check for working CXX compiler: /usr/bin/c++ - skipped
[6.691s] -- Detecting CXX compile features
[6.692s] -- Detecting CXX compile features - done
[7.219s] -- Found ament_cmake: 1.3.10 (/opt/ros/humble/share/ament_cmake/cmake)
[7.467s] -- Found Python3: /usr/bin/python3 (found version "3.10.12") found components: Interpreter
[7.987s] -- Found rclcpp: 16.0.10 (/opt/ros/humble/share/rclcpp/cmake)
[9.022s] -- Found rosidl_generator_c: 3.1.5 (/opt/ros/humble/share/rosidl_generator_c/cmake)
[9.076s] -- Found rosidl_adapter: 3.1.5 (/opt/ros/humble/share/rosidl_adapter/cmake)
[9.137s] -- Found rosidl_generator_cpp: 3.1.5 (/opt/ros/humble/share/rosidl_generator_cpp/cmake)
[9.256s] -- Using all available rosidl_typesupport_c: rosidl_typesupport_fastrtps_c;rosidl_typesupport_introspection_c
[9.402s] -- Using all available rosidl_typesupport_cpp: rosidl_typesupport_fastrtps_cpp;rosidl_typesupport_introspection_cpp
[9.746s] -- Found rmw_implementation_cmake: 6.1.2 (/opt/ros/humble/share/rmw_implementation_cmake/cmake)
[9.786s] -- Found rmw_fastrtps_cpp: 6.2.7 (/opt/ros/humble/share/rmw_fastrtps_cpp/cmake)
[12.074s] -- Found OpenSSL: /usr/lib/x86_64-linux-gnu/libcrypto.so (found version "3.0.2")
[14.827s] -- Found FastRTPS: /opt/ros/humble/include
[19.232s] -- Using RMW implementation 'rmw_fastrtps_cpp' as default
[19.457s] -- Performing Test CMAKE_HAVE_LIBC_PTHREAD
[19.903s] -- Performing Test CMAKE_HAVE_LIBC_PTHREAD - Success
[19.905s] -- Found Threads: TRUE
[20.359s] -- Found ament_lint_auto: 0.12.11 (/opt/ros/humble/share/ament_lint_auto/cmake)
[20.629s] -- Added test 'cppcheck' to perform static code analysis on C / C++ code
[20.629s] -- Configured cppcheck include dirs: 
[20.629s] -- Configured cppcheck exclude dirs and/or files: 
[20.633s] -- Added test 'lint_cmake' to check CMake code style
[20.637s] -- Added test 'uncrustify' to check C / C++ code style
[20.637s] -- Configured uncrustify additional arguments: 
[20.640s] -- Added test 'xmllint' to check XML markup files
[20.645s] -- Configuring done (20.0s)
[20.679s] -- Generating done (0.0s)
[20.683s] -- Build files have been written to: /home/victory/Robot-Operating-System/cpp_ws/build/cpp_parameters
[20.697s] Invoked command in '/home/victory/Robot-Operating-System/cpp_ws/build/cpp_parameters' returned '0': CMAKE_PREFIX_PATH=${CMAKE_PREFIX_PATH}:/opt/ros/humble /home/linuxbrew/.linuxbrew/bin/cmake /home/victory/Robot-Operating-System/cpp_ws/src/cpp_parameters -DCMAKE_INSTALL_PREFIX=/home/victory/Robot-Operating-System/cpp_ws/install/cpp_parameters
[20.701s] Invoking command in '/home/victory/Robot-Operating-System/cpp_ws/build/cpp_parameters': CMAKE_PREFIX_PATH=${CMAKE_PREFIX_PATH}:/opt/ros/humble /home/linuxbrew/.linuxbrew/bin/cmake --build /home/victory/Robot-Operating-System/cpp_ws/build/cpp_parameters -- -j4 -l4
[20.741s] [ 50%] [32mBuilding CXX object CMakeFiles/minimal_param_node.dir/src/cpp_parameters_node.cpp.o[0m
[27.446s] [01m[K/home/victory/Robot-Operating-System/cpp_ws/src/cpp_parameters/src/cpp_parameters_node.cpp:45:2:[m[K [01;31m[Kerror: [m[Kexpected â€˜[01m[K}[m[Kâ€™ at end of input
[27.446s]    45 | }
[27.446s]       |  [01;31m[K^[m[K
[27.446s] [01m[K/home/victory/Robot-Operating-System/cpp_ws/src/cpp_parameters/src/cpp_parameters_node.cpp:11:1:[m[K [01;36m[Knote: [m[Kto match this â€˜[01m[K{[m[Kâ€™
[27.446s]    11 | [01;36m[K{[m[K
[27.446s]       | [01;36m[K^[m[K
[27.455s] [01m[K/home/victory/Robot-Operating-System/cpp_ws/src/cpp_parameters/src/cpp_parameters_node.cpp:[m[K In constructor â€˜[01m[KMinimalParam::MinimalParam()[m[Kâ€™:
[27.455s] [01m[K/home/victory/Robot-Operating-System/cpp_ws/src/cpp_parameters/src/cpp_parameters_node.cpp:20:5:[m[K [01;31m[Kerror: [m[Kâ€˜[01m[Ktimer_[m[Kâ€™ was not declared in this scope; did you mean â€˜[01m[Ktimer_t[m[Kâ€™?
[27.455s]    20 |     [01;31m[Ktimer_[m[K = this->create_wall_timer(
[27.455s]       |     [01;31m[K^~~~~~[m[K
[27.456s]       |     [32m[Ktimer_t[m[K
[27.475s] [01m[K/home/victory/Robot-Operating-System/cpp_ws/src/cpp_parameters/src/cpp_parameters_node.cpp:22:5:[m[K [01;31m[Kerror: [m[Kâ€˜[01m[Kcounter_[m[Kâ€™ was not declared in this scope
[27.475s]    22 |     [01;31m[Kcounter_[m[K = 0;
[27.475s]       |     [01;31m[K^~~~~~~~[m[K
[27.484s] [01m[K/home/victory/Robot-Operating-System/cpp_ws/src/cpp_parameters/src/cpp_parameters_node.cpp:[m[K In member function â€˜[01m[Kvoid MinimalParam::timer_callback()[m[Kâ€™:
[27.484s] [01m[K/home/victory/Robot-Operating-System/cpp_ws/src/cpp_parameters/src/cpp_parameters_node.cpp:31:104:[m[K [01;31m[Kerror: [m[Kâ€˜[01m[Kcounter_[m[Kâ€™ was not declared in this scope
[27.485s]    31 | d::vector<rclcpp::Parameter> all_new_parameters{rclcpp::Parameter("my_parameter", std::to_string([01;31m[Kcounter_[m[K++)};
[27.485s]       |                                                                                                  [01;31m[K^~~~~~~~[m[K
[27.485s] 
[27.485s] [01m[K/home/victory/Robot-Operating-System/cpp_ws/src/cpp_parameters/src/cpp_parameters_node.cpp:31:115:[m[K [01;31m[Kerror: [m[Kno matching function for call to â€˜[01m[Kstd::vector<rclcpp::Parameter>::vector(<brace-enclosed initializer list>)[m[Kâ€™
[27.486s]    31 | :vector<rclcpp::Parameter> all_new_parameters{rclcpp::Parameter("my_parameter", std::to_string(counter_++)[01;31m[K}[m[K;
[27.486s]       |                                                                                                           [01;31m[K^[m[K
[27.486s] 
[27.511s] In file included from [01m[K/usr/include/c++/11/vector:67[m[K,
[27.511s]                  from [01m[K/usr/include/c++/11/functional:62[m[K,
[27.512s]                  from [01m[K/home/victory/Robot-Operating-System/cpp_ws/src/cpp_parameters/src/cpp_parameters_node.cpp:2[m[K:
[27.512s] [01m[K/usr/include/c++/11/bits/stl_vector.h:653:9:[m[K [01;36m[Knote: [m[Kcandidate: â€˜[01m[Ktemplate<class _InputIterator, class> std::vector<_Tp, _Alloc>::vector(_InputIterator, _InputIterator, const allocator_type&) [with _InputIterator = _InputIterator; <template-parameter-2-2> = <template-parameter-1-2>; _Tp = rclcpp::Parameter; _Alloc = std::allocator<rclcpp::Parameter>][m[Kâ€™
[27.512s]   653 |         [01;36m[Kvector[m[K(_InputIterator __first, _InputIterator __last,
[27.512s]       |         [01;36m[K^~~~~~[m[K
[27.512s] [01m[K/usr/include/c++/11/bits/stl_vector.h:653:9:[m[K [01;36m[Knote: [m[K  template argument deduction/substitution failed:
[27.512s] [01m[K/usr/include/c++/11/bits/stl_vector.h:625:7:[m[K [01;36m[Knote: [m[Kcandidate: â€˜[01m[Kstd::vector<_Tp, _Alloc>::vector(std::initializer_list<_Tp>, const allocator_type&) [with _Tp = rclcpp::Parameter; _Alloc = std::allocator<rclcpp::Parameter>; std::vector<_Tp, _Alloc>::allocator_type = std::allocator<rclcpp::Parameter>][m[Kâ€™
[27.513s]   625 |       [01;36m[Kvector[m[K(initializer_list<value_type> __l,
[27.513s]       |       [01;36m[K^~~~~~[m[K
[27.513s] [01m[K/usr/include/c++/11/bits/stl_vector.h:625:7:[m[K [01;36m[Knote: [m[K  conversion of argument 1 would be ill-formed:
[27.514s] [01m[K/usr/include/c++/11/bits/stl_vector.h:607:7:[m[K [01;36m[Knote: [m[Kcandidate: â€˜[01m[Kstd::vector<_Tp, _Alloc>::vector(std::vector<_Tp, _Alloc>&&, const allocator_type&) [with _Tp = rclcpp::Parameter; _Alloc = std::allocator<rclcpp::Parameter>; std::vector<_Tp, _Alloc>::allocator_type = std::allocator<rclcpp::Parameter>][m[Kâ€™
[27.514s]   607 |       [01;36m[Kvector[m[K(vector&& __rv, const allocator_type& __m)
[27.515s]       |       [01;36m[K^~~~~~[m[K
[27.517s] [01m[K/usr/include/c++/11/bits/stl_vector.h:607:7:[m[K [01;36m[Knote: [m[K  candidate expects 2 arguments, 1 provided
[27.517s] [01m[K/usr/include/c++/11/bits/stl_vector.h:589:7:[m[K [01;36m[Knote: [m[Kcandidate: â€˜[01m[Kstd::vector<_Tp, _Alloc>::vector(std::vector<_Tp, _Alloc>&&, const allocator_type&, std::false_type) [with _Tp = rclcpp::Parameter; _Alloc = std::allocator<rclcpp::Parameter>; std::vector<_Tp, _Alloc>::allocator_type = std::allocator<rclcpp::Parameter>; std::false_type = std::integral_constant<bool, false>][m[Kâ€™
[27.518s]   589 |       [01;36m[Kvector[m[K(vector&& __rv, const allocator_type& __m, false_type)
[27.518s]       |       [01;36m[K^~~~~~[m[K
[27.518s] [01m[K/usr/include/c++/11/bits/stl_vector.h:589:7:[m[K [01;36m[Knote: [m[K  candidate expects 3 arguments, 1 provided
[27.518s] [01m[K/usr/include/c++/11/bits/stl_vector.h:585:7:[m[K [01;36m[Knote: [m[Kcandidate: â€˜[01m[Kstd::vector<_Tp, _Alloc>::vector(std::vector<_Tp, _Alloc>&&, const allocator_type&, std::true_type) [with _Tp = rclcpp::Parameter; _Alloc = std::allocator<rclcpp::Parameter>; std::vector<_Tp, _Alloc>::allocator_type = std::allocator<rclcpp::Parameter>; std::true_type = std::integral_constant<bool, true>][m[Kâ€™
[27.518s]   585 |       [01;36m[Kvector[m[K(vector&& __rv, const allocator_type& __m, true_type) noexcept
[27.519s]       |       [01;36m[K^~~~~~[m[K
[27.519s] [01m[K/usr/include/c++/11/bits/stl_vector.h:585:7:[m[K [01;36m[Knote: [m[K  candidate expects 3 arguments, 1 provided
[27.519s] [01m[K/usr/include/c++/11/bits/stl_vector.h:575:7:[m[K [01;36m[Knote: [m[Kcandidate: â€˜[01m[Kstd::vector<_Tp, _Alloc>::vector(const std::vector<_Tp, _Alloc>&, const allocator_type&) [with _Tp = rclcpp::Parameter; _Alloc = std::allocator<rclcpp::Parameter>; std::vector<_Tp, _Alloc>::allocator_type = std::allocator<rclcpp::Parameter>][m[Kâ€™
[27.519s]   575 |       [01;36m[Kvector[m[K(const vector& __x, const allocator_type& __a)
[27.520s]       |       [01;36m[K^~~~~~[m[K
[27.520s] [01m[K/usr/include/c++/11/bits/stl_vector.h:575:7:[m[K [01;36m[Knote: [m[K  candidate expects 2 arguments, 1 provided
[27.520s] [01m[K/usr/include/c++/11/bits/stl_vector.h:572:7:[m[K [01;36m[Knote: [m[Kcandidate: â€˜[01m[Kstd::vector<_Tp, _Alloc>::vector(std::vector<_Tp, _Alloc>&&) [with _Tp = rclcpp::Parameter; _Alloc = std::allocator<rclcpp::Parameter>][m[Kâ€™
[27.520s]   572 |       [01;36m[Kvector[m[K(vector&&) noexcept = default;
[27.520s]       |       [01;36m[K^~~~~~[m[K
[27.521s] [01m[K/usr/include/c++/11/bits/stl_vector.h:572:7:[m[K [01;36m[Knote: [m[K  conversion of argument 1 would be ill-formed:
[27.521s] [01m[K/usr/include/c++/11/bits/stl_vector.h:553:7:[m[K [01;36m[Knote: [m[Kcandidate: â€˜[01m[Kstd::vector<_Tp, _Alloc>::vector(const std::vector<_Tp, _Alloc>&) [with _Tp = rclcpp::Parameter; _Alloc = std::allocator<rclcpp::Parameter>][m[Kâ€™
[27.521s]   553 |       [01;36m[Kvector[m[K(const vector& __x)
[27.521s]       |       [01;36m[K^~~~~~[m[K
[27.522s] [01m[K/usr/include/c++/11/bits/stl_vector.h:553:7:[m[K [01;36m[Knote: [m[K  conversion of argument 1 would be ill-formed:
[27.522s] [01m[K/usr/include/c++/11/bits/stl_vector.h:522:7:[m[K [01;36m[Knote: [m[Kcandidate: â€˜[01m[Kstd::vector<_Tp, _Alloc>::vector(std::vector<_Tp, _Alloc>::size_type, const value_type&, const allocator_type&) [with _Tp = rclcpp::Parameter; _Alloc = std::allocator<rclcpp::Parameter>; std::vector<_Tp, _Alloc>::size_type = long unsigned int; std::vector<_Tp, _Alloc>::value_type = rclcpp::Parameter; std::vector<_Tp, _Alloc>::allocator_type = std::allocator<rclcpp::Parameter>][m[Kâ€™
[27.522s]   522 |       [01;36m[Kvector[m[K(size_type __n, const value_type& __value,
[27.522s]       |       [01;36m[K^~~~~~[m[K
[27.522s] [01m[K/usr/include/c++/11/bits/stl_vector.h:522:7:[m[K [01;36m[Knote: [m[K  candidate expects 3 arguments, 1 provided
[27.523s] [01m[K/usr/include/c++/11/bits/stl_vector.h:510:7:[m[K [01;36m[Knote: [m[Kcandidate: â€˜[01m[Kstd::vector<_Tp, _Alloc>::vector(std::vector<_Tp, _Alloc>::size_type, const allocator_type&) [with _Tp = rclcpp::Parameter; _Alloc = std::allocator<rclcpp::Parameter>; std::vector<_Tp, _Alloc>::size_type = long unsigned int; std::vector<_Tp, _Alloc>::allocator_type = std::allocator<rclcpp::Parameter>][m[Kâ€™
[27.523s]   510 |       [01;36m[Kvector[m[K(size_type __n, const allocator_type& __a = allocator_type())
[27.523s]       |       [01;36m[K^~~~~~[m[K
[27.523s] [01m[K/usr/include/c++/11/bits/stl_vector.h:510:7:[m[K [01;36m[Knote: [m[K  conversion of argument 1 would be ill-formed:
[27.524s] [01m[K/usr/include/c++/11/bits/stl_vector.h:497:7:[m[K [01;36m[Knote: [m[Kcandidate: â€˜[01m[Kstd::vector<_Tp, _Alloc>::vector(const allocator_type&) [with _Tp = rclcpp::Parameter; _Alloc = std::allocator<rclcpp::Parameter>; std::vector<_Tp, _Alloc>::allocator_type = std::allocator<rclcpp::Parameter>][m[Kâ€™
[27.524s]   497 |       [01;36m[Kvector[m[K(const allocator_type& __a) _GLIBCXX_NOEXCEPT
[27.524s]       |       [01;36m[K^~~~~~[m[K
[27.524s] [01m[K/usr/include/c++/11/bits/stl_vector.h:497:7:[m[K [01;36m[Knote: [m[K  conversion of argument 1 would be ill-formed:
[27.524s] [01m[K/usr/include/c++/11/bits/stl_vector.h:487:7:[m[K [01;36m[Knote: [m[Kcandidate: â€˜[01m[Kstd::vector<_Tp, _Alloc>::vector() [with _Tp = rclcpp::Parameter; _Alloc = std::allocator<rclcpp::Parameter>][m[Kâ€™
[27.525s]   487 |       [01;36m[Kvector[m[K() = default;
[27.525s]       |       [01;36m[K^~~~~~[m[K
[27.525s] [01m[K/usr/include/c++/11/bits/stl_vector.h:487:7:[m[K [01;36m[Knote: [m[K  candidate expects 0 arguments, 1 provided
[27.527s] [01m[K/home/victory/Robot-Operating-System/cpp_ws/src/cpp_parameters/src/cpp_parameters_node.cpp:[m[K At global scope:
[27.527s] [01m[K/home/victory/Robot-Operating-System/cpp_ws/src/cpp_parameters/src/cpp_parameters_node.cpp:45:2:[m[K [01;31m[Kerror: [m[Kexpected unqualified-id at end of input
[27.527s]    45 | }
[27.527s]       |  [01;31m[K^[m[K
[28.446s] gmake[2]: *** [CMakeFiles/minimal_param_node.dir/build.make:76: CMakeFiles/minimal_param_node.dir/src/cpp_parameters_node.cpp.o] Error 1
[28.446s] gmake[1]: *** [CMakeFiles/Makefile2:137: CMakeFiles/minimal_param_node.dir/all] Error 2
[28.447s] gmake: *** [Makefile:146: all] Error 2
[28.449s] Invoked command in '/home/victory/Robot-Operating-System/cpp_ws/build/cpp_parameters' returned '2': CMAKE_PREFIX_PATH=${CMAKE_PREFIX_PATH}:/opt/ros/humble /home/linuxbrew/.linuxbrew/bin/cmake --build /home/victory/Robot-Operating-System/cpp_ws/build/cpp_parameters -- -j4 -l4
