-- Found ament_cmake: 1.3.10 (/opt/ros/humble/share/ament_cmake/cmake)
-- Found rclcpp: 16.0.10 (/opt/ros/humble/share/rclcpp/cmake)
-- Found rosidl_generator_c: 3.1.5 (/opt/ros/humble/share/rosidl_generator_c/cmake)
-- Found rosidl_adapter: 3.1.5 (/opt/ros/humble/share/rosidl_adapter/cmake)
-- Found rosidl_generator_cpp: 3.1.5 (/opt/ros/humble/share/rosidl_generator_cpp/cmake)
-- Using all available rosidl_typesupport_c: rosidl_typesupport_fastrtps_c;rosidl_typesupport_introspection_c
-- Using all available rosidl_typesupport_cpp: rosidl_typesupport_fastrtps_cpp;rosidl_typesupport_introspection_cpp
-- Found rmw_implementation_cmake: 6.1.2 (/opt/ros/humble/share/rmw_implementation_cmake/cmake)
-- Found rmw_fastrtps_cpp: 6.2.7 (/opt/ros/humble/share/rmw_fastrtps_cpp/cmake)
-- Using RMW implementation 'rmw_fastrtps_cpp' as default
-- Found ament_lint_auto: 0.12.11 (/opt/ros/humble/share/ament_lint_auto/cmake)
-- Added test 'cppcheck' to perform static code analysis on C / C++ code
-- Configured cppcheck include dirs: $<BUILD_INTERFACE:/home/victory/Robot-Operating-System/cpp_ws/src/msg_pub_sub_simple_node/include>
-- Configured cppcheck exclude dirs and/or files: 
-- Added test 'lint_cmake' to check CMake code style
-- Added test 'uncrustify' to check C / C++ code style
-- Configured uncrustify additional arguments: 
-- Added test 'xmllint' to check XML markup files
-- Configuring done (14.5s)
-- Generating done (0.0s)
-- Build files have been written to: /home/victory/Robot-Operating-System/cpp_ws/build/msg_pub_sub_simple_node
[ 50%] [32mBuilding CXX object CMakeFiles/greetings_node.dir/src/greetings_node.cpp.o[0m
[01m[K/home/victory/Robot-Operating-System/cpp_ws/src/msg_pub_sub_simple_node/src/greetings_node.cpp:43:59:[m[K [01;31m[Kerror: [m[Kâ€˜[01m[KSharedptr[m[Kâ€™ in â€˜[01m[Kclass rclcpp::Publisher<std_msgs::msg::String_<std::allocator<void> > >[m[Kâ€™ does not name a type
   43 |                 rclcpp::Publisher<std_msgs::msg::String>::[01;31m[KSharedptr[m[K publisher_;
      |                                                           [01;31m[K^~~~~~~~~[m[K
[01m[K/home/victory/Robot-Operating-System/cpp_ws/src/msg_pub_sub_simple_node/src/greetings_node.cpp:[m[K In constructor â€˜[01m[KGreetingsNode::GreetingsNode()[m[Kâ€™:
[01m[K/home/victory/Robot-Operating-System/cpp_ws/src/msg_pub_sub_simple_node/src/greetings_node.cpp:27:25:[m[K [01;31m[Kerror: [m[Kâ€˜[01m[Kpublisher_[m[Kâ€™ was not declared in this scope; did you mean â€˜[01m[Krmw_publisher_t[m[Kâ€™?
   27 |                         [01;31m[Kpublisher_[m[K = this->create_publisher<std_msgs::msg::String>("messages", 10);
      |                         [01;31m[K^~~~~~~~~~[m[K
      |                         [32m[Krmw_publisher_t[m[K
[01m[K/home/victory/Robot-Operating-System/cpp_ws/src/msg_pub_sub_simple_node/src/greetings_node.cpp:[m[K In member function â€˜[01m[Kvoid GreetingsNode::timer_callback()[m[Kâ€™:
[01m[K/home/victory/Robot-Operating-System/cpp_ws/src/msg_pub_sub_simple_node/src/greetings_node.cpp:36:40:[m[K [01;31m[Kerror: [m[Kâ€˜[01m[Kstd_msgs_msg[m[Kâ€™ has not been declared
   36 |                         auto message = [01;31m[Kstd_msgs_msg[m[K::String();
      |                                        [01;31m[K^~~~~~~~~~~~[m[K
[01m[K/home/victory/Robot-Operating-System/cpp_ws/src/msg_pub_sub_simple_node/src/greetings_node.cpp:39:25:[m[K [01;31m[Kerror: [m[Kâ€˜[01m[Kpublisher_[m[Kâ€™ was not declared in this scope; did you mean â€˜[01m[Krmw_publisher_t[m[Kâ€™?
   39 |                         [01;31m[Kpublisher_[m[K->publish(message);
      |                         [01;31m[K^~~~~~~~~~[m[K
      |                         [32m[Krmw_publisher_t[m[K
gmake[2]: *** [CMakeFiles/greetings_node.dir/build.make:76: CMakeFiles/greetings_node.dir/src/greetings_node.cpp.o] Error 1
gmake[1]: *** [CMakeFiles/Makefile2:137: CMakeFiles/greetings_node.dir/all] Error 2
gmake: *** [Makefile:146: all] Error 2
