[0.020s] Invoking command in '/home/victory/Robot-Operating-System/cpp_ws/build/msg_pub_sub_simple_node': CMAKE_PREFIX_PATH=/opt/ros/humble /home/linuxbrew/.linuxbrew/bin/cmake --build /home/victory/Robot-Operating-System/cpp_ws/build/msg_pub_sub_simple_node -- -j4 -l4
[0.209s] [ 50%] [32mBuilding CXX object CMakeFiles/greetings_node.dir/src/greetings_node.cpp.o[0m
[3.974s] [01m[K/home/victory/Robot-Operating-System/cpp_ws/src/msg_pub_sub_simple_node/src/greetings_node.cpp:42:59:[m[K [01;31m[Kerror: [m[Kâ€˜[01m[KSharedptr[m[Kâ€™ in â€˜[01m[Kclass rclcpp::Publisher<std_msgs::msg::String_<std::allocator<void> > >[m[Kâ€™ does not name a type
[3.975s]    42 |                 rclcpp::Publisher<std_msgs::msg::String>::[01;31m[KSharedptr[m[K publisher_;
[3.975s]       |                                                           [01;31m[K^~~~~~~~~[m[K
[3.983s] [01m[K/home/victory/Robot-Operating-System/cpp_ws/src/msg_pub_sub_simple_node/src/greetings_node.cpp:[m[K In constructor â€˜[01m[KGreetingsNode::GreetingsNode()[m[Kâ€™:
[3.983s] [01m[K/home/victory/Robot-Operating-System/cpp_ws/src/msg_pub_sub_simple_node/src/greetings_node.cpp:27:25:[m[K [01;31m[Kerror: [m[Kâ€˜[01m[Kpublisher_[m[Kâ€™ was not declared in this scope; did you mean â€˜[01m[Krmw_publisher_t[m[Kâ€™?
[3.983s]    27 |                         [01;31m[Kpublisher_[m[K = this->create_publisher<std_msgs::msg::String>("messages", 10);
[3.983s]       |                         [01;31m[K^~~~~~~~~~[m[K
[3.983s]       |                         [32m[Krmw_publisher_t[m[K
[4.001s] [01m[K/home/victory/Robot-Operating-System/cpp_ws/src/msg_pub_sub_simple_node/src/greetings_node.cpp:[m[K In member function â€˜[01m[Kvoid GreetingsNode::timer_callback()[m[Kâ€™:
[4.001s] [01m[K/home/victory/Robot-Operating-System/cpp_ws/src/msg_pub_sub_simple_node/src/greetings_node.cpp:36:40:[m[K [01;31m[Kerror: [m[Kâ€˜[01m[Kstd_msgs_msg[m[Kâ€™ has not been declared
[4.002s]    36 |                         auto message = [01;31m[Kstd_msgs_msg[m[K::String();
[4.002s]       |                                        [01;31m[K^~~~~~~~~~~~[m[K
[4.010s] [01m[K/home/victory/Robot-Operating-System/cpp_ws/src/msg_pub_sub_simple_node/src/greetings_node.cpp:39:25:[m[K [01;31m[Kerror: [m[Kâ€˜[01m[Kpublisher_[m[Kâ€™ was not declared in this scope; did you mean â€˜[01m[Krmw_publisher_t[m[Kâ€™?
[4.010s]    39 |                         [01;31m[Kpublisher_[m[K->publish(message);
[4.010s]       |                         [01;31m[K^~~~~~~~~~[m[K
[4.010s]       |                         [32m[Krmw_publisher_t[m[K
[4.974s] gmake[2]: *** [CMakeFiles/greetings_node.dir/build.make:76: CMakeFiles/greetings_node.dir/src/greetings_node.cpp.o] Error 1
[4.974s] gmake[1]: *** [CMakeFiles/Makefile2:137: CMakeFiles/greetings_node.dir/all] Error 2
[4.974s] gmake: *** [Makefile:146: all] Error 2
[4.977s] Invoked command in '/home/victory/Robot-Operating-System/cpp_ws/build/msg_pub_sub_simple_node' returned '2': CMAKE_PREFIX_PATH=/opt/ros/humble /home/linuxbrew/.linuxbrew/bin/cmake --build /home/victory/Robot-Operating-System/cpp_ws/build/msg_pub_sub_simple_node -- -j4 -l4
